d:\Programming\workspace\BLT>keytool -genkey -v -keystore blt.keystore -alias blt -keyalg RSA -keysize 2048 -validity 10000
Enter keystore password: blt.android
Re-enter new password: blt.android
What is your first and last name?
  [Unknown]:  Robert Papp
What is the name of your organizational unit?
  [Unknown]:  android
What is the name of your organization?
  [Unknown]:  twisterrob.net
What is the name of your City or Locality?
  [Unknown]:  London
What is the name of your State or Province?
  [Unknown]:  London
What is the two-letter country code for this unit?
  [Unknown]:  UK
Is CN=Robert Papp, OU=android, O=twisterrob.net, L=London, ST=London, C=UK correct?
  [no]:  yes

Generating 2,048 bit RSA key pair and self-signed certificate (SHA256withRSA) with a validity of 10,000 days
        for: CN=Robert Papp, OU=android, O=twisterrob.net, L=London, ST=London, C=UK
Enter key password for <blt>
        (RETURN if same as keystore password):
New certificate (self-signed):
[
[
  Version: V3
  Subject: CN=Robert Papp, OU=android, O=twisterrob.net, L=London, ST=London, C=UK
  Signature Algorithm: SHA256withRSA, OID = 1.2.840.113549.1.1.11

  Key:  Sun RSA public key, 2048 bits
  modulus: 16826622337435896695488145512901771257406330038035013634157551264150372524343695528588560862148710655767584119195796526244743333714534311652908900866458002997885364955584350530974472751415360500381359450576268994020140151418808455006253578194432794416777617634141879019012037103603556778290108601365247885052193438568162039056876760899396250422381016501924129630826297383583703440798963262508419817674681723190888897745283734376820323160187182790253217152886235789988306188919975470768833135606740301381242994146736144204777016619400177783027735652161396925583293521996354112575035604197174483879174576165552117743767
  public exponent: 65537
  Validity: [From: Fri Nov 08 19:44:26 GMT 2013,
               To: Tue Mar 26 19:44:26 GMT 2041]
  Issuer: CN=Robert Papp, OU=android, O=twisterrob.net, L=London, ST=London, C=UK
  SerialNumber: [    52ad9b04]

Certificate Extensions: 1
[1]: ObjectId: 2.5.29.14 Criticality=false
SubjectKeyIdentifier [
KeyIdentifier [
0000: E3 B6 46 AD 99 60 7F 01   C5 78 C0 35 F1 58 38 3C  ..F..`...x.5.X8<
0010: 99 D3 5A 01                                        ..Z.
]
]

]
  Algorithm: [SHA256withRSA]
  Signature:
0000: 72 37 21 23 AD 18 7E 8B   60 6F 74 61 48 FA 81 8B  r7!#....`otaH...
0010: 35 43 CF E5 A5 2E 77 52   AF 8C 27 9F 7F 87 32 F9  5C....wR..'...2.
0020: 3E 8B 99 46 F7 9A C1 52   9B 3D 2D B9 3B 5A 9E 90  >..F...R.=-.;Z..
0030: A5 6A 2E 94 8A 4A EC 60   13 EA 3E 5F 3E B3 9E 86  .j...J.`..>_>...
0040: D6 C8 BC 28 99 9D D4 0A   6E 01 39 E9 5D 3C 57 57  ...(....n.9.]<WW
0050: BC A9 41 3F 83 75 C3 D1   51 F3 5D 5F 38 65 4B 59  ..A?.u..Q.]_8eKY
0060: C6 52 80 A7 32 5D 0C 59   65 F4 83 BD C0 2D C4 A8  .R..2].Ye....-..
0070: 4A B4 BA 19 C1 34 49 D0   6A 44 9E 26 25 32 A1 9D  J....4I.jD.&%2..
0080: BE 0A F2 5E 62 8B 8C 2E   34 B6 9C FC A7 B8 7E B2  ...^b...4.......
0090: 83 0C 13 2A 8B 68 6E AC   89 12 2A 80 50 7E A5 0A  ...*.hn...*.P...
00A0: D7 AE C7 70 2E 83 17 9F   61 D5 F2 D2 6A 69 08 13  ...p....a...ji..
00B0: B6 04 60 38 42 1D 31 C4   0B 71 3A F9 CA CB A4 96  ..`8B.1..q:.....
00C0: 92 39 2F E9 BD E8 D3 59   F0 96 27 33 5C F2 C9 32  .9/....Y..'3\..2
00D0: F6 B2 3E F5 C1 4B 0D 85   29 28 9F 2B 49 24 E4 19  ..>..K..)(.+I$..
00E0: 88 77 83 D5 92 22 74 E8   12 08 F4 AB 5E 91 B1 53  .w..."t.....^..S
00F0: D5 55 F0 8D C9 E8 BF B5   FB F8 89 BA 70 53 45 EF  .U..........pSE.

]
[Storing blt.keystore]

d:\Programming\workspace\BLT>pause
Press any key to continue . . .
